tern=2023-07-12 22:42:39 INFO  PacienteController:24 - Registrando Paciente...
tern=2023-07-12 22:42:52 INFO  OdontologoController:24 - Registrando Odontologo...
tern=2023-07-12 22:42:58 INFO  TurnoController:33 - Registrando Turno...
tern=2023-07-12 22:43:04 INFO  OdontologoController:51 - Buscando listado de todos los Odontologos en la base de datos...
tern=2023-07-12 22:43:17 INFO  PacienteController:51 - Buscando listado de todos los Pacientes en la base de datos...
tern=2023-07-12 22:43:38 INFO  TurnoController:60 - Buscando listado de todos los Turnos en la base de datos...
tern=2023-07-12 22:47:01 INFO  PacienteController:24 - Registrando Paciente...
tern=2023-07-12 22:47:04 INFO  OdontologoController:24 - Registrando Odontologo...
tern=2023-07-12 22:47:07 INFO  TurnoController:33 - Registrando Turno...
tern=2023-07-12 22:47:10 INFO  TurnoController:60 - Buscando listado de todos los Turnos en la base de datos...
tern=2023-07-12 22:48:14 INFO  PacienteController:24 - Registrando Paciente...
tern=2023-07-12 22:48:18 INFO  OdontologoController:24 - Registrando Odontologo...
tern=2023-07-12 22:48:22 INFO  TurnoController:33 - Registrando Turno...
tern=2023-07-12 22:48:25 INFO  TurnoController:60 - Buscando listado de todos los Turnos en la base de datos...
tern=2023-07-12 23:36:18 INFO  OdontologoController:24 - Registrando Odontologo...
tern=2023-07-12 23:36:24 INFO  OdontologoController:24 - Registrando Odontologo...
tern=2023-07-12 23:36:29 INFO  OdontologoController:51 - Buscando listado de todos los Odontologos en la base de datos...
tern=2023-07-13 00:12:27 INFO  OdontologoController:24 - Registrando Odontologo...
tern=2023-07-13 00:12:33 INFO  OdontologoController:24 - Registrando Odontologo...
tern=2023-07-13 00:12:39 INFO  OdontologoController:24 - Registrando Odontologo...
tern=2023-07-13 00:12:47 INFO  OdontologoController:51 - Buscando listado de todos los Odontologos en la base de datos...
tern=2023-07-15 23:43:58 INFO  PacienteController:25 - Registrando Paciente...
tern=2023-07-15 23:44:02 INFO  OdontologoController:23 - Registrando Odontologo...
tern=2023-07-15 23:44:05 INFO  TurnoController:31 - Registrando Turno...
tern=2023-07-15 23:44:17 INFO  TurnoController:58 - Buscando listado de todos los Turnos en la base de datos...
tern=2023-07-15 23:44:42 INFO  TurnoController:31 - Registrando Turno...
tern=2023-07-15 23:44:42 ERROR GlobalExceptionHandler:17 - could not execute statement [Cannot add or update a child row: a foreign key constraint fails (`clinica`.`turnos`, CONSTRAINT `FK4okcqr9iqt2iw6xhy1ppsmo3l` FOREIGN KEY (`paciente_id`) REFERENCES `pacientes` (`id`))] [insert into turnos (date,odontologo_id,paciente_id) values (?,?,?)]; SQL [insert into turnos (date,odontologo_id,paciente_id) values (?,?,?)]; constraint [null]
tern=2023-07-15 23:44:55 INFO  TurnoController:31 - Registrando Turno...
tern=2023-07-17 21:21:53 INFO  OdontologoController:30 - Buscando Odontolgo con id: 1 en la base de datos...
tern=2023-07-18 22:55:24 INFO  OdontologoController:23 - Registrando Odontologo...
tern=2023-07-18 22:55:56 INFO  PacienteController:25 - Registrando Paciente...
tern=2023-07-18 22:57:58 INFO  PacienteController:25 - Registrando Paciente...
tern=2023-07-18 22:58:30 INFO  OdontologoController:23 - Registrando Odontologo...
tern=2023-07-18 23:18:11 INFO  OdontologoController:23 - Registrando Odontologo...
tern=2023-07-18 23:18:27 INFO  PacienteController:25 - Registrando Paciente...
tern=2023-07-18 23:18:43 INFO  TurnoController:31 - Registrando Turno...
tern=2023-07-18 23:19:21 INFO  OdontologoController:30 - Buscando Odontolgo con id: 1 en la base de datos...
tern=2023-07-18 23:19:57 INFO  PacienteController:38 - Actualizando Paciente en la base de datos...
tern=2023-07-18 23:44:15 INFO  OdontologoController:23 - Registrando Odontologo...
tern=2023-07-18 23:44:18 INFO  PacienteController:25 - Registrando Paciente...
tern=2023-07-18 23:44:21 INFO  TurnoController:31 - Registrando Turno...
tern=2023-07-19 22:15:53 INFO  OdontologoController:23 - Registrando Odontologo...
tern=2023-07-19 22:15:57 INFO  OdontologoController:23 - Registrando Odontologo...
tern=2023-07-19 22:15:58 INFO  OdontologoController:50 - Buscando listado de todos los Odontologos en la base de datos...
tern=2023-07-19 22:16:03 INFO  OdontologoController:30 - Buscando Odontolgo con id: 1 en la base de datos...
tern=2023-07-19 22:16:07 INFO  OdontologoController:36 - Actualizando Odontologo en la base de datos...
tern=2023-07-19 22:16:07 INFO  OdontologoController:50 - Buscando listado de todos los Odontologos en la base de datos...
tern=2023-07-19 22:16:09 INFO  OdontologoController:43 - Buscando Odontolgo con id: 2 y eliminandolo de la base de datos...
tern=2023-07-19 22:16:14 INFO  OdontologoController:23 - Registrando Odontologo...
tern=2023-07-19 22:16:15 INFO  OdontologoController:50 - Buscando listado de todos los Odontologos en la base de datos...
tern=2023-07-19 22:16:32 INFO  PacienteController:25 - Registrando Paciente...
tern=2023-07-19 22:16:33 INFO  PacienteController:52 - Buscando listado de todos los Pacientes en la base de datos...
tern=2023-07-19 22:16:39 INFO  PacienteController:32 - Buscando Paciente con id: 1 en la base de datos...
tern=2023-07-19 22:16:49 INFO  PacienteController:38 - Actualizando Paciente en la base de datos...
tern=2023-07-19 22:16:49 INFO  PacienteController:52 - Buscando listado de todos los Pacientes en la base de datos...
tern=2023-07-19 22:17:06 ERROR GlobalExceptionHandler:17 - JSON parse error: Cannot deserialize value of type `java.time.LocalDateTime` from String "2023/08/12T12:00:00": Failed to deserialize java.time.LocalDateTime: (java.time.format.DateTimeParseException) Text '2023/08/12T12:00:00' could not be parsed at index 4
tern=2023-07-19 22:17:07 INFO  TurnoController:58 - Buscando listado de todos los Turnos en la base de datos...
tern=2023-07-19 22:17:24 INFO  TurnoController:31 - Registrando Turno...
tern=2023-07-19 22:17:30 INFO  TurnoController:58 - Buscando listado de todos los Turnos en la base de datos...
